\BOOKMARK [1][]{section.1}{\376\377\116\000\060\001\000\040\225\356\230\230\221\315\217\360}{}% 1
\BOOKMARK [2][]{subsection.1.1}{\376\377\0001\000.\0001\000\040\225\356\230\230\200\314\146\157}{section.1}% 2
\BOOKMARK [2][]{subsection.1.2}{\376\377\0001\000.\0002\000\040\225\356\230\230\166\204\143\320\121\372}{section.1}% 3
\BOOKMARK [1][]{section.2}{\376\377\116\214\060\001\000\040\225\356\230\230\122\006\147\220}{}% 4
\BOOKMARK [2][]{subsection.2.1}{\376\377\0002\000.\0001\000\040\225\356\230\230\116\000\166\204\122\006\147\220}{section.2}% 5
\BOOKMARK [2][]{subsection.2.2}{\376\377\0002\000.\0002\000\040\225\356\230\230\116\214\166\204\122\006\147\220}{section.2}% 6
\BOOKMARK [2][]{subsection.2.3}{\376\377\0002\000.\0003\000\040\225\356\230\230\116\011\166\204\122\006\147\220}{section.2}% 7
\BOOKMARK [2][]{subsection.2.4}{\376\377\0002\000.\0004\000\040\225\356\230\230\126\333\166\204\122\006\147\220}{section.2}% 8
\BOOKMARK [1][]{section.3}{\376\377\116\011\060\001\000\040\152\041\127\213\120\107\213\276}{}% 9
\BOOKMARK [1][]{section.4}{\376\377\126\333\060\001\000\040\173\046\123\367\174\373\176\337}{}% 10
\BOOKMARK [1][]{section.5}{\376\377\116\224\060\001\000\040\136\372\152\041\116\016\154\102\211\343}{}% 11
\BOOKMARK [2][]{subsection.5.1}{\376\377\0005\000.\0001\000\040\121\372\171\337\217\146\166\204\145\066\166\312\152\041\127\213}{section.5}% 12
\BOOKMARK [2][]{subsection.5.2}{\376\377\0005\000.\0002\000\040\225\356\230\230\116\000\166\204\136\372\152\041\116\016\154\102\211\343}{section.5}% 13
\BOOKMARK [3][]{subsubsection.5.2.1}{\376\377\0005\000.\0002\000.\0001\000\040\152\041\127\213\121\306\131\007}{subsection.5.2}% 14
\BOOKMARK [3][]{subsubsection.5.2.2}{\376\377\0005\000.\0002\000.\0002\000\040\152\041\127\213\166\204\136\372\172\313}{subsection.5.2}% 15
\BOOKMARK [2][]{subsection.5.3}{\376\377\0005\000.\0003\000\040\225\356\230\230\116\214\166\204\136\372\152\041\116\016\154\102\211\343}{section.5}% 16
\BOOKMARK [3][]{subsubsection.5.3.1}{\376\377\0005\000.\0003\000.\0001\000\040\152\041\127\213\166\204\136\372\172\313}{subsection.5.3}% 17
\BOOKMARK [3][]{subsubsection.5.3.2}{\376\377\0005\000.\0003\000.\0002\000\040\152\041\127\213\166\204\154\102\211\343}{subsection.5.3}% 18
\BOOKMARK [2][]{subsection.5.4}{\376\377\0005\000.\0004\000\040\225\356\230\230\116\011\166\204\136\372\152\041\116\016\154\102\211\343}{section.5}% 19
\BOOKMARK [3][]{subsubsection.5.4.1}{\376\377\0005\000.\0004\000.\0001\000\040\152\041\127\213\166\204\136\372\172\313}{subsection.5.4}% 20
\BOOKMARK [3][]{subsubsection.5.4.2}{\376\377\0005\000.\0004\000.\0002\000\040\152\041\127\213\166\204\154\102\211\343}{subsection.5.4}% 21
\BOOKMARK [2][]{subsection.5.5}{\376\377\0005\000.\0005\000\040\225\356\230\230\126\333\166\204\136\372\152\041\116\016\154\102\211\343}{section.5}% 22
\BOOKMARK [3][]{subsubsection.5.5.1}{\376\377\0005\000.\0005\000.\0001\000\040\152\041\127\213\166\204\136\372\172\313}{subsection.5.5}% 23
\BOOKMARK [3][]{subsubsection.5.5.2}{\376\377\0005\000.\0005\000.\0002\000\040\152\041\127\213\166\204\154\102\211\343}{subsection.5.5}% 24
\BOOKMARK [1][]{section*.13}{\376\377\123\302\200\003\145\207\163\056}{}% 25
\BOOKMARK [1][]{appendix.a.A}{\376\377\226\104\137\125\000\040\000A\000\040\162\054\123\326\220\321\135\336\147\072\127\072\121\372\171\337\217\146\173\241\164\006\172\331\116\343\170\001\040\023\000C\000-\000s\000h\000a\000r\000p\000\040\156\220\116\343\170\001}{}% 26
\BOOKMARK [1][]{appendix.a.B}{\376\377\226\104\137\125\000\040\000B\000\040\162\054\123\326\220\321\135\336\147\072\127\072\202\052\163\355\117\341\140\157\116\343\170\001\040\023\000J\000a\000v\000a\000S\000c\000r\000i\000p\000t\000\040\156\220\116\343\170\001}{}% 27
\BOOKMARK [1][]{appendix.a.C}{\376\377\226\104\137\125\000\040\000C\000\040\173\054\116\214\134\017\225\356\211\343\230\230\145\271\154\325\123\312\176\330\126\376\040\023\000M\000a\000t\000l\000a\000b\000\040\156\220\116\343\170\001}{}% 28
